build/intermediates/manifest_merge_blame_file/release/processReleaseMainManifest/manifest-merger-blame-release-report.txt
1<?xml version="1.0" encoding="utf-8"?>
2<manifest xmlns:android="http://schemas.android.com/apk/res/android"
3    package="antdroid.cfbcoach"
4    android:versionCode="320"
5    android:versionName="v1.4.5" >
6
7    <uses-sdk
8        android:minSdkVersion="24"
9        android:targetSdkVersion="35" />
10
11    <!--
12         READ_EXTERNAL_STORAGE / WRITE_EXTERNAL_STORAGE are not available on API 33+.
13         Retained here for devices below API 33; on API 33+ the app uses app-specific
14         directories (getFilesDir / getExternalFilesDir) which need no extra permission.
15    -->
16    <uses-permission
16-->src\main\AndroidManifest.xml:7:5-9:38
17        android:name="android.permission.WRITE_EXTERNAL_STORAGE"
17-->src\main\AndroidManifest.xml:8:9-65
18        android:maxSdkVersion="32" />
18-->src\main\AndroidManifest.xml:9:9-35
19    <uses-permission
19-->src\main\AndroidManifest.xml:10:5-12:38
20        android:name="android.permission.READ_EXTERNAL_STORAGE"
20-->src\main\AndroidManifest.xml:11:9-64
21        android:maxSdkVersion="32" />
21-->src\main\AndroidManifest.xml:12:9-35
22
23    <permission
23-->[androidx.core:core:1.13.0] AndroidManifest.xml:22:5-24:47
24        android:name="antdroid.cfbcoach.DYNAMIC_RECEIVER_NOT_EXPORTED_PERMISSION"
24-->[androidx.core:core:1.13.0] AndroidManifest.xml:23:9-81
25        android:protectionLevel="signature" />
25-->[androidx.core:core:1.13.0] AndroidManifest.xml:24:9-44
26
27    <uses-permission android:name="antdroid.cfbcoach.DYNAMIC_RECEIVER_NOT_EXPORTED_PERMISSION" />
27-->[androidx.core:core:1.13.0] AndroidManifest.xml:26:5-97
27-->[androidx.core:core:1.13.0] AndroidManifest.xml:26:22-94
28
29    <application
29-->src\main\AndroidManifest.xml:14:5-51:19
30        android:allowBackup="true"
30-->src\main\AndroidManifest.xml:15:9-35
31        android:appComponentFactory="androidx.core.app.CoreComponentFactory"
31-->[androidx.core:core:1.13.0] AndroidManifest.xml:28:18-86
32        android:extractNativeLibs="false"
33        android:icon="@mipmap/ic_launcher"
33-->src\main\AndroidManifest.xml:16:9-43
34        android:label="@string/app_name"
34-->src\main\AndroidManifest.xml:17:9-41
35        android:largeHeap="true"
35-->src\main\AndroidManifest.xml:18:9-33
36        android:launchMode="singleTop"
36-->src\main\AndroidManifest.xml:19:9-39
37        android:supportsRtl="true"
37-->src\main\AndroidManifest.xml:20:9-35
38        android:theme="@style/AppTheme" >
38-->src\main\AndroidManifest.xml:21:9-40
39        <activity
39-->src\main\AndroidManifest.xml:22:9-33:20
40            android:name="antdroid.cfbcoach.Home"
40-->src\main\AndroidManifest.xml:23:13-33
41            android:exported="true"
41-->src\main\AndroidManifest.xml:24:13-36
42            android:label="@string/app_name"
42-->src\main\AndroidManifest.xml:25:13-45
43            android:screenOrientation="portrait"
43-->src\main\AndroidManifest.xml:26:13-49
44            android:theme="@style/AppTheme" >
44-->src\main\AndroidManifest.xml:27:13-44
45            <intent-filter>
45-->src\main\AndroidManifest.xml:28:13-32:29
46                <action android:name="android.intent.action.MAIN" />
46-->src\main\AndroidManifest.xml:29:17-69
46-->src\main\AndroidManifest.xml:29:25-66
47
48                <category android:name="android.intent.category.LAUNCHER" />
48-->src\main\AndroidManifest.xml:31:17-77
48-->src\main\AndroidManifest.xml:31:27-74
49            </intent-filter>
50        </activity>
51        <activity
51-->src\main\AndroidManifest.xml:34:9-40:47
52            android:name="antdroid.cfbcoach.MainActivity"
52-->src\main\AndroidManifest.xml:35:13-41
53            android:alwaysRetainTaskState="true"
53-->src\main\AndroidManifest.xml:36:13-49
54            android:configChanges="keyboardHidden|orientation|screenSize"
54-->src\main\AndroidManifest.xml:37:13-74
55            android:label="@string/app_name"
55-->src\main\AndroidManifest.xml:38:13-45
56            android:parentActivityName="antdroid.cfbcoach.Home"
56-->src\main\AndroidManifest.xml:39:13-47
57            android:theme="@style/AppTheme" />
57-->src\main\AndroidManifest.xml:40:13-44
58        <activity
58-->src\main\AndroidManifest.xml:41:9-47:47
59            android:name="recruiting.RecruitingActivity"
59-->src\main\AndroidManifest.xml:42:13-57
60            android:alwaysRetainTaskState="true"
60-->src\main\AndroidManifest.xml:43:13-49
61            android:configChanges="keyboardHidden|orientation|screenSize"
61-->src\main\AndroidManifest.xml:44:13-74
62            android:label="@string/title_activity_recruiting"
62-->src\main\AndroidManifest.xml:45:13-62
63            android:parentActivityName="antdroid.cfbcoach.MainActivity"
63-->src\main\AndroidManifest.xml:46:13-55
64            android:theme="@style/AppTheme" />
64-->src\main\AndroidManifest.xml:47:13-44
65        <activity
65-->src\main\AndroidManifest.xml:48:9-50:77
66            android:name="antdroid.cfbcoach.TutorialActivity"
66-->src\main\AndroidManifest.xml:49:13-45
67            android:configChanges="keyboardHidden|orientation|screenSize" />
67-->src\main\AndroidManifest.xml:50:13-74
68
69        <provider
69-->[androidx.emoji2:emoji2:1.3.0] AndroidManifest.xml:24:9-32:20
70            android:name="androidx.startup.InitializationProvider"
70-->[androidx.emoji2:emoji2:1.3.0] AndroidManifest.xml:25:13-67
71            android:authorities="antdroid.cfbcoach.androidx-startup"
71-->[androidx.emoji2:emoji2:1.3.0] AndroidManifest.xml:26:13-68
72            android:exported="false" >
72-->[androidx.emoji2:emoji2:1.3.0] AndroidManifest.xml:27:13-37
73            <meta-data
73-->[androidx.emoji2:emoji2:1.3.0] AndroidManifest.xml:29:13-31:52
74                android:name="androidx.emoji2.text.EmojiCompatInitializer"
74-->[androidx.emoji2:emoji2:1.3.0] AndroidManifest.xml:30:17-75
75                android:value="androidx.startup" />
75-->[androidx.emoji2:emoji2:1.3.0] AndroidManifest.xml:31:17-49
76            <meta-data
76-->[androidx.lifecycle:lifecycle-process:2.6.2] AndroidManifest.xml:29:13-31:52
77                android:name="androidx.lifecycle.ProcessLifecycleInitializer"
77-->[androidx.lifecycle:lifecycle-process:2.6.2] AndroidManifest.xml:30:17-78
78                android:value="androidx.startup" />
78-->[androidx.lifecycle:lifecycle-process:2.6.2] AndroidManifest.xml:31:17-49
79            <meta-data
79-->[androidx.profileinstaller:profileinstaller:1.3.1] AndroidManifest.xml:29:13-31:52
80                android:name="androidx.profileinstaller.ProfileInstallerInitializer"
80-->[androidx.profileinstaller:profileinstaller:1.3.1] AndroidManifest.xml:30:17-85
81                android:value="androidx.startup" />
81-->[androidx.profileinstaller:profileinstaller:1.3.1] AndroidManifest.xml:31:17-49
82        </provider>
83
84        <receiver
84-->[androidx.profileinstaller:profileinstaller:1.3.1] AndroidManifest.xml:34:9-52:20
85            android:name="androidx.profileinstaller.ProfileInstallReceiver"
85-->[androidx.profileinstaller:profileinstaller:1.3.1] AndroidManifest.xml:35:13-76
86            android:directBootAware="false"
86-->[androidx.profileinstaller:profileinstaller:1.3.1] AndroidManifest.xml:36:13-44
87            android:enabled="true"
87-->[androidx.profileinstaller:profileinstaller:1.3.1] AndroidManifest.xml:37:13-35
88            android:exported="true"
88-->[androidx.profileinstaller:profileinstaller:1.3.1] AndroidManifest.xml:38:13-36
89            android:permission="android.permission.DUMP" >
89-->[androidx.profileinstaller:profileinstaller:1.3.1] AndroidManifest.xml:39:13-57
90            <intent-filter>
90-->[androidx.profileinstaller:profileinstaller:1.3.1] AndroidManifest.xml:40:13-42:29
91                <action android:name="androidx.profileinstaller.action.INSTALL_PROFILE" />
91-->[androidx.profileinstaller:profileinstaller:1.3.1] AndroidManifest.xml:41:17-91
91-->[androidx.profileinstaller:profileinstaller:1.3.1] AndroidManifest.xml:41:25-88
92            </intent-filter>
93            <intent-filter>
93-->[androidx.profileinstaller:profileinstaller:1.3.1] AndroidManifest.xml:43:13-45:29
94                <action android:name="androidx.profileinstaller.action.SKIP_FILE" />
94-->[androidx.profileinstaller:profileinstaller:1.3.1] AndroidManifest.xml:44:17-85
94-->[androidx.profileinstaller:profileinstaller:1.3.1] AndroidManifest.xml:44:25-82
95            </intent-filter>
96            <intent-filter>
96-->[androidx.profileinstaller:profileinstaller:1.3.1] AndroidManifest.xml:46:13-48:29
97                <action android:name="androidx.profileinstaller.action.SAVE_PROFILE" />
97-->[androidx.profileinstaller:profileinstaller:1.3.1] AndroidManifest.xml:47:17-88
97-->[androidx.profileinstaller:profileinstaller:1.3.1] AndroidManifest.xml:47:25-85
98            </intent-filter>
99            <intent-filter>
99-->[androidx.profileinstaller:profileinstaller:1.3.1] AndroidManifest.xml:49:13-51:29
100                <action android:name="androidx.profileinstaller.action.BENCHMARK_OPERATION" />
100-->[androidx.profileinstaller:profileinstaller:1.3.1] AndroidManifest.xml:50:17-95
100-->[androidx.profileinstaller:profileinstaller:1.3.1] AndroidManifest.xml:50:25-92
101            </intent-filter>
102        </receiver>
103    </application>
104
105</manifest>